<?xml version="1.0" encoding="UTF-8"?>
<!-- Generated by org.testng.reporters.JUnitReportReporter -->
<testsuite skipped="0" hostname="DESKTOP-LT0H2AE" name="tests.AmazonTestCases" tests="1" failures="0" timestamp="15 Feb 2018 23:57:27 GMT" time="34.008" errors="0">
  <testcase name="test2" time="34.008" classname="tests.AmazonTestCases"/>
</testsuite> <!-- tests.AmazonTestCases -->
